Servidor en puerto 8888
/ metodo HTTP:GET
Mapeo de ruta es undefined
Ruta :htdocs/ true
/favicon.ico metodo HTTP:GET
Mapeo de ruta es undefined
Ruta :htdocs/favicon.ico false
/list.html metodo HTTP:GET
Mapeo de ruta es undefined
Ruta :htdocs/list.html false
/listahtml metodo HTTP:GET
Mapeo de ruta es undefined
Ruta :htdocs/listahtml false
/lista.html metodo HTTP:GET
Mapeo de ruta es undefined
Ruta :htdocs/lista.html true
Leyendo del pipe 
/js/almacenamiento.js metodo HTTP:GET
Mapeo de ruta es undefined
Ruta :htdocs/js/almacenamiento.js true
Leyendo del pipe 
/lista.html metodo HTTP:GET
Mapeo de ruta es undefined
Ruta :htdocs/lista.html true
Leyendo del pipe 
/js/almacenamiento.js metodo HTTP:GET
Mapeo de ruta es undefined
Ruta :htdocs/js/almacenamiento.js true
Leyendo del pipe 
/lista.html metodo HTTP:GET
Mapeo de ruta es undefined
Ruta :htdocs/lista.html true
Leyendo del pipe 
/js/almacenamiento.js metodo HTTP:GET
Mapeo de ruta es undefined
Ruta :htdocs/js/almacenamiento.js true
Leyendo del pipe 
/ metodo HTTP:GET
Mapeo de ruta es undefined
Ruta :htdocs/ true
/favicon.ico metodo HTTP:GET
Mapeo de ruta es undefined
Ruta :htdocs/favicon.ico false
/json.html metodo HTTP:GET
Mapeo de ruta es undefined
Ruta :htdocs/json.html true
Leyendo del pipe 
/jsonsol.html metodo HTTP:GET
Mapeo de ruta es undefined
Ruta :htdocs/jsonsol.html true
Leyendo del pipe 
/jsonsol.html metodo HTTP:GET
Mapeo de ruta es undefined
Ruta :htdocs/jsonsol.html true
Leyendo del pipe 
